Flow report for system
Mon Feb 13 19:43:36 2023
Quartus II 64-Bit Version 13.0.1 Build 232 06/12/2013 Service Pack 1 SJ Web Edition


---------------------
; Table of Contents ;
---------------------
  1. Legal Notice
  2. Flow Summary
  3. Flow Settings
  4. Flow Non-Default Global Settings
  5. Flow Elapsed Time
  6. Flow OS Summary
  7. Flow Log
  8. Flow Messages
  9. Flow Suppressed Messages



----------------
; Legal Notice ;
----------------
Copyright (C) 1991-2013 Altera Corporation
Your use of Altera Corporation's design tools, logic functions 
and other software and tools, and its AMPP partner logic 
functions, and any output files from any of the foregoing 
(including device programming or simulation files), and any 
associated documentation or information are expressly subject 
to the terms and conditions of the Altera Program License 
Subscription Agreement, Altera MegaCore Function License 
Agreement, or other applicable license agreement, including, 
without limitation, that your use is for the sole purpose of 
programming logic devices manufactured by Altera and sold by 
Altera or its authorized distributors.  Please refer to the 
applicable agreement for further details.



+--------------------------------------------------------------------------------------+
; Flow Summary                                                                         ;
+------------------------------------+-------------------------------------------------+
; Flow Status                        ; Successful - Mon Feb 13 19:43:36 2023           ;
; Quartus II 64-Bit Version          ; 13.0.1 Build 232 06/12/2013 SP 1 SJ Web Edition ;
; Revision Name                      ; system                                          ;
; Top-level Entity Name              ; division                                        ;
; Family                             ; Cyclone III                                     ;
; Device                             ; EP3C16F484C6                                    ;
; Timing Models                      ; Final                                           ;
; Total logic elements               ; 2,143 / 15,408 ( 14 % )                         ;
;     Total combinational functions  ; 2,143 / 15,408 ( 14 % )                         ;
;     Dedicated logic registers      ; 0 / 15,408 ( 0 % )                              ;
; Total registers                    ; 0                                               ;
; Total pins                         ; 128 / 347 ( 37 % )                              ;
; Total virtual pins                 ; 0                                               ;
; Total memory bits                  ; 0 / 516,096 ( 0 % )                             ;
; Embedded Multiplier 9-bit elements ; 0 / 112 ( 0 % )                                 ;
; Total PLLs                         ; 0 / 4 ( 0 % )                                   ;
+------------------------------------+-------------------------------------------------+


+-----------------------------------------+
; Flow Settings                           ;
+-------------------+---------------------+
; Option            ; Setting             ;
+-------------------+---------------------+
; Start date & time ; 02/13/2023 19:43:11 ;
; Main task         ; Compilation         ;
; Revision Name     ; system              ;
+-------------------+---------------------+


+---------------------------------------------------------------------------------------------------------------------------------+
; Flow Non-Default Global Settings                                                                                                ;
+--------------------------------------+---------------------------------------+---------------+-------------+--------------------+
; Assignment Name                      ; Value                                 ; Default Value ; Entity Name ; Section Id         ;
+--------------------------------------+---------------------------------------+---------------+-------------+--------------------+
; COMPILER_SIGNATURE_ID                ; 269049658834448.167633539130208       ; --            ; --          ; --                 ;
; EDA_DESIGN_INSTANCE_NAME             ; NA                                    ; --            ; --          ; Registertb         ;
; EDA_DESIGN_INSTANCE_NAME             ; NA                                    ; --            ; --          ; busEncodertb       ;
; EDA_DESIGN_INSTANCE_NAME             ; NA                                    ; --            ; --          ; busMUXtb           ;
; EDA_DESIGN_INSTANCE_NAME             ; NA                                    ; --            ; --          ; bidirectionalBustb ;
; EDA_DESIGN_INSTANCE_NAME             ; NA                                    ; --            ; --          ; multipliertb       ;
; EDA_DESIGN_INSTANCE_NAME             ; NA                                    ; --            ; --          ; divisiontb         ;
; EDA_DESIGN_INSTANCE_NAME             ; NA                                    ; --            ; --          ; addertb            ;
; EDA_NATIVELINK_SIMULATION_TEST_BENCH ; divisiontb                            ; --            ; --          ; eda_simulation     ;
; EDA_OUTPUT_DATA_FORMAT               ; Verilog Hdl                           ; --            ; --          ; eda_simulation     ;
; EDA_SIMULATION_TOOL                  ; ModelSim-Altera (Verilog)             ; <None>        ; --          ; --                 ;
; EDA_TEST_BENCH_ENABLE_STATUS         ; TEST_BENCH_MODE                       ; --            ; --          ; eda_simulation     ;
; EDA_TEST_BENCH_FILE                  ; Registertb.v                          ; --            ; --          ; Registertb         ;
; EDA_TEST_BENCH_FILE                  ; busEncodertb.v                        ; --            ; --          ; busEncodertb       ;
; EDA_TEST_BENCH_FILE                  ; busMUXtb.v                            ; --            ; --          ; busMUXtb           ;
; EDA_TEST_BENCH_FILE                  ; bidirectionalBustb.v                  ; --            ; --          ; bidirectionalBustb ;
; EDA_TEST_BENCH_FILE                  ; multipliertb.v                        ; --            ; --          ; multipliertb       ;
; EDA_TEST_BENCH_FILE                  ; divisiontb.v                          ; --            ; --          ; divisiontb         ;
; EDA_TEST_BENCH_FILE                  ; addertb.v                             ; --            ; --          ; addertb            ;
; EDA_TEST_BENCH_MODULE_NAME           ; Registertb                            ; --            ; --          ; Registertb         ;
; EDA_TEST_BENCH_MODULE_NAME           ; busEncodertb                          ; --            ; --          ; busEncodertb       ;
; EDA_TEST_BENCH_MODULE_NAME           ; busMUXtb                              ; --            ; --          ; busMUXtb           ;
; EDA_TEST_BENCH_MODULE_NAME           ; bidirectionalBustb                    ; --            ; --          ; bidirectionalBustb ;
; EDA_TEST_BENCH_MODULE_NAME           ; multipliertb                          ; --            ; --          ; multipliertb       ;
; EDA_TEST_BENCH_MODULE_NAME           ; divisiontb                            ; --            ; --          ; divisiontb         ;
; EDA_TEST_BENCH_MODULE_NAME           ; addertb                               ; --            ; --          ; addertb            ;
; EDA_TEST_BENCH_NAME                  ; Registertb                            ; --            ; --          ; eda_simulation     ;
; EDA_TEST_BENCH_NAME                  ; busEncodertb                          ; --            ; --          ; eda_simulation     ;
; EDA_TEST_BENCH_NAME                  ; busMUXtb                              ; --            ; --          ; eda_simulation     ;
; EDA_TEST_BENCH_NAME                  ; bidirectionalBustb                    ; --            ; --          ; eda_simulation     ;
; EDA_TEST_BENCH_NAME                  ; multipliertb                          ; --            ; --          ; eda_simulation     ;
; EDA_TEST_BENCH_NAME                  ; divisiontb                            ; --            ; --          ; eda_simulation     ;
; EDA_TEST_BENCH_NAME                  ; addertb                               ; --            ; --          ; eda_simulation     ;
; EDA_TEST_BENCH_RUN_SIM_FOR           ; 500 ns                                ; --            ; --          ; Registertb         ;
; EDA_TEST_BENCH_RUN_SIM_FOR           ; 10000 ns                              ; --            ; --          ; busEncodertb       ;
; EDA_TEST_BENCH_RUN_SIM_FOR           ; 500 ns                                ; --            ; --          ; busMUXtb           ;
; EDA_TEST_BENCH_RUN_SIM_FOR           ; 1000 ns                               ; --            ; --          ; bidirectionalBustb ;
; EDA_TEST_BENCH_RUN_SIM_FOR           ; 1400 ns                               ; --            ; --          ; multipliertb       ;
; EDA_TEST_BENCH_RUN_SIM_FOR           ; 1000 ns                               ; --            ; --          ; divisiontb         ;
; EDA_TEST_BENCH_RUN_SIM_FOR           ; 1000 ns                               ; --            ; --          ; addertb            ;
; EDA_TIME_SCALE                       ; 1 ps                                  ; --            ; --          ; eda_simulation     ;
; MAX_CORE_JUNCTION_TEMP               ; 85                                    ; --            ; --          ; --                 ;
; MIN_CORE_JUNCTION_TEMP               ; 0                                     ; --            ; --          ; --                 ;
; NOMINAL_CORE_SUPPLY_VOLTAGE          ; 1.2V                                  ; --            ; --          ; --                 ;
; PARTITION_COLOR                      ; 16764057                              ; --            ; division    ; Top                ;
; PARTITION_FITTER_PRESERVATION_LEVEL  ; PLACEMENT_AND_ROUTING                 ; --            ; division    ; Top                ;
; PARTITION_NETLIST_TYPE               ; SOURCE                                ; --            ; division    ; Top                ;
; POWER_BOARD_THERMAL_MODEL            ; None (CONSERVATIVE)                   ; --            ; --          ; --                 ;
; POWER_PRESET_COOLING_SOLUTION        ; 23 MM HEAT SINK WITH 200 LFPM AIRFLOW ; --            ; --          ; --                 ;
; PROJECT_OUTPUT_DIRECTORY             ; output_files                          ; --            ; --          ; --                 ;
; TOP_LEVEL_ENTITY                     ; division                              ; system        ; --          ; --                 ;
+--------------------------------------+---------------------------------------+---------------+-------------+--------------------+


+-------------------------------------------------------------------------------------------------------------------------------+
; Flow Elapsed Time                                                                                                             ;
+---------------------------+--------------+-------------------------+---------------------+------------------------------------+
; Module Name               ; Elapsed Time ; Average Processors Used ; Peak Virtual Memory ; Total CPU Time (on all processors) ;
+---------------------------+--------------+-------------------------+---------------------+------------------------------------+
; Analysis & Synthesis      ; 00:00:03     ; 1.0                     ; 4590 MB             ; 00:00:03                           ;
; Fitter                    ; 00:00:09     ; 1.0                     ; 4905 MB             ; 00:00:09                           ;
; Assembler                 ; 00:00:02     ; 1.0                     ; 4554 MB             ; 00:00:01                           ;
; TimeQuest Timing Analyzer ; 00:00:05     ; 1.0                     ; 4629 MB             ; 00:00:04                           ;
; EDA Netlist Writer        ; 00:00:03     ; 1.0                     ; 4519 MB             ; 00:00:02                           ;
; Total                     ; 00:00:22     ; --                      ; --                  ; 00:00:19                           ;
+---------------------------+--------------+-------------------------+---------------------+------------------------------------+


+----------------------------------------------------------------------------------------+
; Flow OS Summary                                                                        ;
+---------------------------+------------------+-----------+------------+----------------+
; Module Name               ; Machine Hostname ; OS Name   ; OS Version ; Processor type ;
+---------------------------+------------------+-----------+------------+----------------+
; Analysis & Synthesis      ; DESKTOP-2KSAKAI  ; Windows 7 ; 6.2        ; x86_64         ;
; Fitter                    ; DESKTOP-2KSAKAI  ; Windows 7 ; 6.2        ; x86_64         ;
; Assembler                 ; DESKTOP-2KSAKAI  ; Windows 7 ; 6.2        ; x86_64         ;
; TimeQuest Timing Analyzer ; DESKTOP-2KSAKAI  ; Windows 7 ; 6.2        ; x86_64         ;
; EDA Netlist Writer        ; DESKTOP-2KSAKAI  ; Windows 7 ; 6.2        ; x86_64         ;
+---------------------------+------------------+-----------+------------+----------------+


------------
; Flow Log ;
------------
quartus_map --read_settings_files=on --write_settings_files=off system -c system
quartus_fit --read_settings_files=off --write_settings_files=off system -c system
quartus_asm --read_settings_files=off --write_settings_files=off system -c system
quartus_sta system -c system
quartus_eda --read_settings_files=off --write_settings_files=off system -c system



